The system is: Linux - 2.6.32-5-amd64 - x86_64
Compiling the C compiler identification source file "CMakeCCompilerId.c" succeeded.
Compiler: /usr/bin/cc 
Build flags: 
Id flags:  

The output was:
0


Compilation of the C compiler identification source "CMakeCCompilerId.c" produced "a.out"

The C compiler identification is GNU, found in "/lore/clougj/Learning_Codes/trilinos/build/CMakeFiles/3.8.1/CompilerIdC/a.out"

Compiling the CXX compiler identification source file "CMakeCXXCompilerId.cpp" succeeded.
Compiler: /usr/bin/c++ 
Build flags: 
Id flags:  

The output was:
0


Compilation of the CXX compiler identification source "CMakeCXXCompilerId.cpp" produced "a.out"

The CXX compiler identification is GNU, found in "/lore/clougj/Learning_Codes/trilinos/build/CMakeFiles/3.8.1/CompilerIdCXX/a.out"

Determining if the C compiler works passed with the following output:
Change Dir: /lore/clougj/Learning_Codes/trilinos/build/CMakeFiles/CMakeTmp

Run Build Command:"/usr/local/bin/gmake" "cmTC_8750d/fast"
/usr/local/bin/gmake -f CMakeFiles/cmTC_8750d.dir/build.make CMakeFiles/cmTC_8750d.dir/build
gmake[1]: Entering directory `/lore/clougj/Learning_Codes/trilinos/build/CMakeFiles/CMakeTmp'
Building C object CMakeFiles/cmTC_8750d.dir/testCCompiler.c.o
/usr/bin/cc    -o CMakeFiles/cmTC_8750d.dir/testCCompiler.c.o   -c /lore/clougj/Learning_Codes/trilinos/build/CMakeFiles/CMakeTmp/testCCompiler.c
Linking C executable cmTC_8750d
/usr/local/cmake/3.8.1/bin/cmake -E cmake_link_script CMakeFiles/cmTC_8750d.dir/link.txt --verbose=1
/usr/bin/cc      -rdynamic CMakeFiles/cmTC_8750d.dir/testCCompiler.c.o  -o cmTC_8750d 
gmake[1]: Leaving directory `/lore/clougj/Learning_Codes/trilinos/build/CMakeFiles/CMakeTmp'


Detecting C compiler ABI info compiled with the following output:
Change Dir: /lore/clougj/Learning_Codes/trilinos/build/CMakeFiles/CMakeTmp

Run Build Command:"/usr/local/bin/gmake" "cmTC_bb08c/fast"
/usr/local/bin/gmake -f CMakeFiles/cmTC_bb08c.dir/build.make CMakeFiles/cmTC_bb08c.dir/build
gmake[1]: Entering directory `/lore/clougj/Learning_Codes/trilinos/build/CMakeFiles/CMakeTmp'
Building C object CMakeFiles/cmTC_bb08c.dir/CMakeCCompilerABI.c.o
/usr/bin/cc    -o CMakeFiles/cmTC_bb08c.dir/CMakeCCompilerABI.c.o   -c /usr/local/cmake/3.8.1/share/cmake-3.8/Modules/CMakeCCompilerABI.c
Linking C executable cmTC_bb08c
/usr/local/cmake/3.8.1/bin/cmake -E cmake_link_script CMakeFiles/cmTC_bb08c.dir/link.txt --verbose=1
/usr/bin/cc     -v -rdynamic CMakeFiles/cmTC_bb08c.dir/CMakeCCompilerABI.c.o  -o cmTC_bb08c 
Using built-in specs.
Target: x86_64-linux-gnu
Configured with: ../src/configure -v --with-pkgversion='Debian 4.4.5-8' --with-bugurl=file:///usr/share/doc/gcc-4.4/README.Bugs --enable-languages=c,c++,fortran,objc,obj-c++ --prefix=/usr --program-suffix=-4.4 --enable-shared --enable-multiarch --enable-linker-build-id --with-system-zlib --libexecdir=/usr/lib --without-included-gettext --enable-threads=posix --with-gxx-include-dir=/usr/include/c++/4.4 --libdir=/usr/lib --enable-nls --enable-clocale=gnu --enable-libstdcxx-debug --enable-objc-gc --with-arch-32=i586 --with-tune=generic --enable-checking=release --build=x86_64-linux-gnu --host=x86_64-linux-gnu --target=x86_64-linux-gnu
Thread model: posix
gcc version 4.4.5 (Debian 4.4.5-8) 
COMPILER_PATH=/usr/lib/gcc/x86_64-linux-gnu/4.4.5/:/usr/lib/gcc/x86_64-linux-gnu/4.4.5/:/usr/lib/gcc/x86_64-linux-gnu/:/usr/lib/gcc/x86_64-linux-gnu/4.4.5/:/usr/lib/gcc/x86_64-linux-gnu/:/usr/lib/gcc/x86_64-linux-gnu/4.4.5/:/usr/lib/gcc/x86_64-linux-gnu/
LIBRARY_PATH=/usr/lib/gcc/x86_64-linux-gnu/4.4.5/:/usr/lib/gcc/x86_64-linux-gnu/4.4.5/:/usr/lib/gcc/x86_64-linux-gnu/4.4.5/../../../../lib/:/lib/../lib/:/usr/lib/../lib/:/usr/lib/gcc/x86_64-linux-gnu/4.4.5/../../../:/lib/:/usr/lib/:/usr/lib/x86_64-linux-gnu/
COLLECT_GCC_OPTIONS='-v' '-rdynamic' '-o' 'cmTC_bb08c' '-mtune=generic'
 /usr/lib/gcc/x86_64-linux-gnu/4.4.5/collect2 --build-id --eh-frame-hdr -m elf_x86_64 --hash-style=both -export-dynamic -dynamic-linker /lib64/ld-linux-x86-64.so.2 -o cmTC_bb08c /usr/lib/gcc/x86_64-linux-gnu/4.4.5/../../../../lib/crt1.o /usr/lib/gcc/x86_64-linux-gnu/4.4.5/../../../../lib/crti.o /usr/lib/gcc/x86_64-linux-gnu/4.4.5/crtbegin.o -L/usr/lib/gcc/x86_64-linux-gnu/4.4.5 -L/usr/lib/gcc/x86_64-linux-gnu/4.4.5 -L/usr/lib/gcc/x86_64-linux-gnu/4.4.5/../../../../lib -L/lib/../lib -L/usr/lib/../lib -L/usr/lib/gcc/x86_64-linux-gnu/4.4.5/../../.. -L/usr/lib/x86_64-linux-gnu CMakeFiles/cmTC_bb08c.dir/CMakeCCompilerABI.c.o -lgcc --as-needed -lgcc_s --no-as-needed -lc -lgcc --as-needed -lgcc_s --no-as-needed /usr/lib/gcc/x86_64-linux-gnu/4.4.5/crtend.o /usr/lib/gcc/x86_64-linux-gnu/4.4.5/../../../../lib/crtn.o
gmake[1]: Leaving directory `/lore/clougj/Learning_Codes/trilinos/build/CMakeFiles/CMakeTmp'


Parsed C implicit link information from above output:
  link line regex: [^( *|.*[/\])(ld|([^/\]+-)?ld|collect2)[^/\]*( |$)]
  ignore line: [Change Dir: /lore/clougj/Learning_Codes/trilinos/build/CMakeFiles/CMakeTmp]
  ignore line: []
  ignore line: [Run Build Command:"/usr/local/bin/gmake" "cmTC_bb08c/fast"]
  ignore line: [/usr/local/bin/gmake -f CMakeFiles/cmTC_bb08c.dir/build.make CMakeFiles/cmTC_bb08c.dir/build]
  ignore line: [gmake[1]: Entering directory `/lore/clougj/Learning_Codes/trilinos/build/CMakeFiles/CMakeTmp']
  ignore line: [Building C object CMakeFiles/cmTC_bb08c.dir/CMakeCCompilerABI.c.o]
  ignore line: [/usr/bin/cc    -o CMakeFiles/cmTC_bb08c.dir/CMakeCCompilerABI.c.o   -c /usr/local/cmake/3.8.1/share/cmake-3.8/Modules/CMakeCCompilerABI.c]
  ignore line: [Linking C executable cmTC_bb08c]
  ignore line: [/usr/local/cmake/3.8.1/bin/cmake -E cmake_link_script CMakeFiles/cmTC_bb08c.dir/link.txt --verbose=1]
  ignore line: [/usr/bin/cc     -v -rdynamic CMakeFiles/cmTC_bb08c.dir/CMakeCCompilerABI.c.o  -o cmTC_bb08c ]
  ignore line: [Using built-in specs.]
  ignore line: [Target: x86_64-linux-gnu]
  ignore line: [Configured with: ../src/configure -v --with-pkgversion='Debian 4.4.5-8' --with-bugurl=file:///usr/share/doc/gcc-4.4/README.Bugs --enable-languages=c,c++,fortran,objc,obj-c++ --prefix=/usr --program-suffix=-4.4 --enable-shared --enable-multiarch --enable-linker-build-id --with-system-zlib --libexecdir=/usr/lib --without-included-gettext --enable-threads=posix --with-gxx-include-dir=/usr/include/c++/4.4 --libdir=/usr/lib --enable-nls --enable-clocale=gnu --enable-libstdcxx-debug --enable-objc-gc --with-arch-32=i586 --with-tune=generic --enable-checking=release --build=x86_64-linux-gnu --host=x86_64-linux-gnu --target=x86_64-linux-gnu]
  ignore line: [Thread model: posix]
  ignore line: [gcc version 4.4.5 (Debian 4.4.5-8) ]
  ignore line: [COMPILER_PATH=/usr/lib/gcc/x86_64-linux-gnu/4.4.5/:/usr/lib/gcc/x86_64-linux-gnu/4.4.5/:/usr/lib/gcc/x86_64-linux-gnu/:/usr/lib/gcc/x86_64-linux-gnu/4.4.5/:/usr/lib/gcc/x86_64-linux-gnu/:/usr/lib/gcc/x86_64-linux-gnu/4.4.5/:/usr/lib/gcc/x86_64-linux-gnu/]
  ignore line: [LIBRARY_PATH=/usr/lib/gcc/x86_64-linux-gnu/4.4.5/:/usr/lib/gcc/x86_64-linux-gnu/4.4.5/:/usr/lib/gcc/x86_64-linux-gnu/4.4.5/../../../../lib/:/lib/../lib/:/usr/lib/../lib/:/usr/lib/gcc/x86_64-linux-gnu/4.4.5/../../../:/lib/:/usr/lib/:/usr/lib/x86_64-linux-gnu/]
  ignore line: [COLLECT_GCC_OPTIONS='-v' '-rdynamic' '-o' 'cmTC_bb08c' '-mtune=generic']
  link line: [ /usr/lib/gcc/x86_64-linux-gnu/4.4.5/collect2 --build-id --eh-frame-hdr -m elf_x86_64 --hash-style=both -export-dynamic -dynamic-linker /lib64/ld-linux-x86-64.so.2 -o cmTC_bb08c /usr/lib/gcc/x86_64-linux-gnu/4.4.5/../../../../lib/crt1.o /usr/lib/gcc/x86_64-linux-gnu/4.4.5/../../../../lib/crti.o /usr/lib/gcc/x86_64-linux-gnu/4.4.5/crtbegin.o -L/usr/lib/gcc/x86_64-linux-gnu/4.4.5 -L/usr/lib/gcc/x86_64-linux-gnu/4.4.5 -L/usr/lib/gcc/x86_64-linux-gnu/4.4.5/../../../../lib -L/lib/../lib -L/usr/lib/../lib -L/usr/lib/gcc/x86_64-linux-gnu/4.4.5/../../.. -L/usr/lib/x86_64-linux-gnu CMakeFiles/cmTC_bb08c.dir/CMakeCCompilerABI.c.o -lgcc --as-needed -lgcc_s --no-as-needed -lc -lgcc --as-needed -lgcc_s --no-as-needed /usr/lib/gcc/x86_64-linux-gnu/4.4.5/crtend.o /usr/lib/gcc/x86_64-linux-gnu/4.4.5/../../../../lib/crtn.o]
    arg [/usr/lib/gcc/x86_64-linux-gnu/4.4.5/collect2] ==> ignore
    arg [--build-id] ==> ignore
    arg [--eh-frame-hdr] ==> ignore
    arg [-m] ==> ignore
    arg [elf_x86_64] ==> ignore
    arg [--hash-style=both] ==> ignore
    arg [-export-dynamic] ==> ignore
    arg [-dynamic-linker] ==> ignore
    arg [/lib64/ld-linux-x86-64.so.2] ==> ignore
    arg [-o] ==> ignore
    arg [cmTC_bb08c] ==> ignore
    arg [/usr/lib/gcc/x86_64-linux-gnu/4.4.5/../../../../lib/crt1.o] ==> ignore
    arg [/usr/lib/gcc/x86_64-linux-gnu/4.4.5/../../../../lib/crti.o] ==> ignore
    arg [/usr/lib/gcc/x86_64-linux-gnu/4.4.5/crtbegin.o] ==> ignore
    arg [-L/usr/lib/gcc/x86_64-linux-gnu/4.4.5] ==> dir [/usr/lib/gcc/x86_64-linux-gnu/4.4.5]
    arg [-L/usr/lib/gcc/x86_64-linux-gnu/4.4.5] ==> dir [/usr/lib/gcc/x86_64-linux-gnu/4.4.5]
    arg [-L/usr/lib/gcc/x86_64-linux-gnu/4.4.5/../../../../lib] ==> dir [/usr/lib/gcc/x86_64-linux-gnu/4.4.5/../../../../lib]
    arg [-L/lib/../lib] ==> dir [/lib/../lib]
    arg [-L/usr/lib/../lib] ==> dir [/usr/lib/../lib]
    arg [-L/usr/lib/gcc/x86_64-linux-gnu/4.4.5/../../..] ==> dir [/usr/lib/gcc/x86_64-linux-gnu/4.4.5/../../..]
    arg [-L/usr/lib/x86_64-linux-gnu] ==> dir [/usr/lib/x86_64-linux-gnu]
    arg [CMakeFiles/cmTC_bb08c.dir/CMakeCCompilerABI.c.o] ==> ignore
    arg [-lgcc] ==> lib [gcc]
    arg [--as-needed] ==> ignore
    arg [-lgcc_s] ==> lib [gcc_s]
    arg [--no-as-needed] ==> ignore
    arg [-lc] ==> lib [c]
    arg [-lgcc] ==> lib [gcc]
    arg [--as-needed] ==> ignore
    arg [-lgcc_s] ==> lib [gcc_s]
    arg [--no-as-needed] ==> ignore
    arg [/usr/lib/gcc/x86_64-linux-gnu/4.4.5/crtend.o] ==> ignore
    arg [/usr/lib/gcc/x86_64-linux-gnu/4.4.5/../../../../lib/crtn.o] ==> ignore
  remove lib [gcc]
  remove lib [gcc_s]
  remove lib [gcc]
  remove lib [gcc_s]
  collapse library dir [/usr/lib/gcc/x86_64-linux-gnu/4.4.5] ==> [/usr/lib/gcc/x86_64-linux-gnu/4.4.5]
  collapse library dir [/usr/lib/gcc/x86_64-linux-gnu/4.4.5] ==> [/usr/lib/gcc/x86_64-linux-gnu/4.4.5]
  collapse library dir [/usr/lib/gcc/x86_64-linux-gnu/4.4.5/../../../../lib] ==> [/usr/lib]
  collapse library dir [/lib/../lib] ==> [/lib]
  collapse library dir [/usr/lib/../lib] ==> [/usr/lib]
  collapse library dir [/usr/lib/gcc/x86_64-linux-gnu/4.4.5/../../..] ==> [/usr/lib]
  collapse library dir [/usr/lib/x86_64-linux-gnu] ==> [/usr/lib/x86_64-linux-gnu]
  implicit libs: [c]
  implicit dirs: [/usr/lib/gcc/x86_64-linux-gnu/4.4.5;/usr/lib;/lib;/usr/lib/x86_64-linux-gnu]
  implicit fwks: []




Detecting C [-std=c99] compiler features compiled with the following output:
Change Dir: /lore/clougj/Learning_Codes/trilinos/build/CMakeFiles/CMakeTmp

Run Build Command:"/usr/local/bin/gmake" "cmTC_cea74/fast"
/usr/local/bin/gmake -f CMakeFiles/cmTC_cea74.dir/build.make CMakeFiles/cmTC_cea74.dir/build
gmake[1]: Entering directory `/lore/clougj/Learning_Codes/trilinos/build/CMakeFiles/CMakeTmp'
Building C object CMakeFiles/cmTC_cea74.dir/feature_tests.c.o
/usr/bin/cc   -std=c99 -o CMakeFiles/cmTC_cea74.dir/feature_tests.c.o   -c /lore/clougj/Learning_Codes/trilinos/build/CMakeFiles/feature_tests.c
Linking C executable cmTC_cea74
/usr/local/cmake/3.8.1/bin/cmake -E cmake_link_script CMakeFiles/cmTC_cea74.dir/link.txt --verbose=1
/usr/bin/cc      -rdynamic CMakeFiles/cmTC_cea74.dir/feature_tests.c.o  -o cmTC_cea74 
gmake[1]: Leaving directory `/lore/clougj/Learning_Codes/trilinos/build/CMakeFiles/CMakeTmp'


    Feature record: C_FEATURE:1c_function_prototypes
    Feature record: C_FEATURE:1c_restrict
    Feature record: C_FEATURE:0c_static_assert
    Feature record: C_FEATURE:1c_variadic_macros


Detecting C [-std=c89] compiler features compiled with the following output:
Change Dir: /lore/clougj/Learning_Codes/trilinos/build/CMakeFiles/CMakeTmp

Run Build Command:"/usr/local/bin/gmake" "cmTC_5d33a/fast"
/usr/local/bin/gmake -f CMakeFiles/cmTC_5d33a.dir/build.make CMakeFiles/cmTC_5d33a.dir/build
gmake[1]: Entering directory `/lore/clougj/Learning_Codes/trilinos/build/CMakeFiles/CMakeTmp'
Building C object CMakeFiles/cmTC_5d33a.dir/feature_tests.c.o
/usr/bin/cc   -std=c89 -o CMakeFiles/cmTC_5d33a.dir/feature_tests.c.o   -c /lore/clougj/Learning_Codes/trilinos/build/CMakeFiles/feature_tests.c
Linking C executable cmTC_5d33a
/usr/local/cmake/3.8.1/bin/cmake -E cmake_link_script CMakeFiles/cmTC_5d33a.dir/link.txt --verbose=1
/usr/bin/cc      -rdynamic CMakeFiles/cmTC_5d33a.dir/feature_tests.c.o  -o cmTC_5d33a 
gmake[1]: Leaving directory `/lore/clougj/Learning_Codes/trilinos/build/CMakeFiles/CMakeTmp'


    Feature record: C_FEATURE:1c_function_prototypes
    Feature record: C_FEATURE:0c_restrict
    Feature record: C_FEATURE:0c_static_assert
    Feature record: C_FEATURE:0c_variadic_macros
Determining if the CXX compiler works passed with the following output:
Change Dir: /lore/clougj/Learning_Codes/trilinos/build/CMakeFiles/CMakeTmp

Run Build Command:"/usr/local/bin/gmake" "cmTC_9b098/fast"
/usr/local/bin/gmake -f CMakeFiles/cmTC_9b098.dir/build.make CMakeFiles/cmTC_9b098.dir/build
gmake[1]: Entering directory `/lore/clougj/Learning_Codes/trilinos/build/CMakeFiles/CMakeTmp'
Building CXX object CMakeFiles/cmTC_9b098.dir/testCXXCompiler.cxx.o
/usr/bin/c++     -o CMakeFiles/cmTC_9b098.dir/testCXXCompiler.cxx.o -c /lore/clougj/Learning_Codes/trilinos/build/CMakeFiles/CMakeTmp/testCXXCompiler.cxx
Linking CXX executable cmTC_9b098
/usr/local/cmake/3.8.1/bin/cmake -E cmake_link_script CMakeFiles/cmTC_9b098.dir/link.txt --verbose=1
/usr/bin/c++       -rdynamic CMakeFiles/cmTC_9b098.dir/testCXXCompiler.cxx.o  -o cmTC_9b098 
gmake[1]: Leaving directory `/lore/clougj/Learning_Codes/trilinos/build/CMakeFiles/CMakeTmp'


Detecting CXX compiler ABI info compiled with the following output:
Change Dir: /lore/clougj/Learning_Codes/trilinos/build/CMakeFiles/CMakeTmp

Run Build Command:"/usr/local/bin/gmake" "cmTC_8f176/fast"
/usr/local/bin/gmake -f CMakeFiles/cmTC_8f176.dir/build.make CMakeFiles/cmTC_8f176.dir/build
gmake[1]: Entering directory `/lore/clougj/Learning_Codes/trilinos/build/CMakeFiles/CMakeTmp'
Building CXX object CMakeFiles/cmTC_8f176.dir/CMakeCXXCompilerABI.cpp.o
/usr/bin/c++     -o CMakeFiles/cmTC_8f176.dir/CMakeCXXCompilerABI.cpp.o -c /usr/local/cmake/3.8.1/share/cmake-3.8/Modules/CMakeCXXCompilerABI.cpp
Linking CXX executable cmTC_8f176
/usr/local/cmake/3.8.1/bin/cmake -E cmake_link_script CMakeFiles/cmTC_8f176.dir/link.txt --verbose=1
/usr/bin/c++      -v -rdynamic CMakeFiles/cmTC_8f176.dir/CMakeCXXCompilerABI.cpp.o  -o cmTC_8f176 
Using built-in specs.
Target: x86_64-linux-gnu
Configured with: ../src/configure -v --with-pkgversion='Debian 4.4.5-8' --with-bugurl=file:///usr/share/doc/gcc-4.4/README.Bugs --enable-languages=c,c++,fortran,objc,obj-c++ --prefix=/usr --program-suffix=-4.4 --enable-shared --enable-multiarch --enable-linker-build-id --with-system-zlib --libexecdir=/usr/lib --without-included-gettext --enable-threads=posix --with-gxx-include-dir=/usr/include/c++/4.4 --libdir=/usr/lib --enable-nls --enable-clocale=gnu --enable-libstdcxx-debug --enable-objc-gc --with-arch-32=i586 --with-tune=generic --enable-checking=release --build=x86_64-linux-gnu --host=x86_64-linux-gnu --target=x86_64-linux-gnu
Thread model: posix
gcc version 4.4.5 (Debian 4.4.5-8) 
COMPILER_PATH=/usr/lib/gcc/x86_64-linux-gnu/4.4.5/:/usr/lib/gcc/x86_64-linux-gnu/4.4.5/:/usr/lib/gcc/x86_64-linux-gnu/:/usr/lib/gcc/x86_64-linux-gnu/4.4.5/:/usr/lib/gcc/x86_64-linux-gnu/:/usr/lib/gcc/x86_64-linux-gnu/4.4.5/:/usr/lib/gcc/x86_64-linux-gnu/
LIBRARY_PATH=/usr/lib/gcc/x86_64-linux-gnu/4.4.5/:/usr/lib/gcc/x86_64-linux-gnu/4.4.5/:/usr/lib/gcc/x86_64-linux-gnu/4.4.5/../../../../lib/:/lib/../lib/:/usr/lib/../lib/:/usr/lib/gcc/x86_64-linux-gnu/4.4.5/../../../:/lib/:/usr/lib/:/usr/lib/x86_64-linux-gnu/
COLLECT_GCC_OPTIONS='-v' '-rdynamic' '-o' 'cmTC_8f176' '-shared-libgcc' '-mtune=generic'
 /usr/lib/gcc/x86_64-linux-gnu/4.4.5/collect2 --build-id --eh-frame-hdr -m elf_x86_64 --hash-style=both -export-dynamic -dynamic-linker /lib64/ld-linux-x86-64.so.2 -o cmTC_8f176 /usr/lib/gcc/x86_64-linux-gnu/4.4.5/../../../../lib/crt1.o /usr/lib/gcc/x86_64-linux-gnu/4.4.5/../../../../lib/crti.o /usr/lib/gcc/x86_64-linux-gnu/4.4.5/crtbegin.o -L/usr/lib/gcc/x86_64-linux-gnu/4.4.5 -L/usr/lib/gcc/x86_64-linux-gnu/4.4.5 -L/usr/lib/gcc/x86_64-linux-gnu/4.4.5/../../../../lib -L/lib/../lib -L/usr/lib/../lib -L/usr/lib/gcc/x86_64-linux-gnu/4.4.5/../../.. -L/usr/lib/x86_64-linux-gnu CMakeFiles/cmTC_8f176.dir/CMakeCXXCompilerABI.cpp.o -lstdc++ -lm -lgcc_s -lgcc -lc -lgcc_s -lgcc /usr/lib/gcc/x86_64-linux-gnu/4.4.5/crtend.o /usr/lib/gcc/x86_64-linux-gnu/4.4.5/../../../../lib/crtn.o
gmake[1]: Leaving directory `/lore/clougj/Learning_Codes/trilinos/build/CMakeFiles/CMakeTmp'


Parsed CXX implicit link information from above output:
  link line regex: [^( *|.*[/\])(ld|([^/\]+-)?ld|collect2)[^/\]*( |$)]
  ignore line: [Change Dir: /lore/clougj/Learning_Codes/trilinos/build/CMakeFiles/CMakeTmp]
  ignore line: []
  ignore line: [Run Build Command:"/usr/local/bin/gmake" "cmTC_8f176/fast"]
  ignore line: [/usr/local/bin/gmake -f CMakeFiles/cmTC_8f176.dir/build.make CMakeFiles/cmTC_8f176.dir/build]
  ignore line: [gmake[1]: Entering directory `/lore/clougj/Learning_Codes/trilinos/build/CMakeFiles/CMakeTmp']
  ignore line: [Building CXX object CMakeFiles/cmTC_8f176.dir/CMakeCXXCompilerABI.cpp.o]
  ignore line: [/usr/bin/c++     -o CMakeFiles/cmTC_8f176.dir/CMakeCXXCompilerABI.cpp.o -c /usr/local/cmake/3.8.1/share/cmake-3.8/Modules/CMakeCXXCompilerABI.cpp]
  ignore line: [Linking CXX executable cmTC_8f176]
  ignore line: [/usr/local/cmake/3.8.1/bin/cmake -E cmake_link_script CMakeFiles/cmTC_8f176.dir/link.txt --verbose=1]
  ignore line: [/usr/bin/c++      -v -rdynamic CMakeFiles/cmTC_8f176.dir/CMakeCXXCompilerABI.cpp.o  -o cmTC_8f176 ]
  ignore line: [Using built-in specs.]
  ignore line: [Target: x86_64-linux-gnu]
  ignore line: [Configured with: ../src/configure -v --with-pkgversion='Debian 4.4.5-8' --with-bugurl=file:///usr/share/doc/gcc-4.4/README.Bugs --enable-languages=c,c++,fortran,objc,obj-c++ --prefix=/usr --program-suffix=-4.4 --enable-shared --enable-multiarch --enable-linker-build-id --with-system-zlib --libexecdir=/usr/lib --without-included-gettext --enable-threads=posix --with-gxx-include-dir=/usr/include/c++/4.4 --libdir=/usr/lib --enable-nls --enable-clocale=gnu --enable-libstdcxx-debug --enable-objc-gc --with-arch-32=i586 --with-tune=generic --enable-checking=release --build=x86_64-linux-gnu --host=x86_64-linux-gnu --target=x86_64-linux-gnu]
  ignore line: [Thread model: posix]
  ignore line: [gcc version 4.4.5 (Debian 4.4.5-8) ]
  ignore line: [COMPILER_PATH=/usr/lib/gcc/x86_64-linux-gnu/4.4.5/:/usr/lib/gcc/x86_64-linux-gnu/4.4.5/:/usr/lib/gcc/x86_64-linux-gnu/:/usr/lib/gcc/x86_64-linux-gnu/4.4.5/:/usr/lib/gcc/x86_64-linux-gnu/:/usr/lib/gcc/x86_64-linux-gnu/4.4.5/:/usr/lib/gcc/x86_64-linux-gnu/]
  ignore line: [LIBRARY_PATH=/usr/lib/gcc/x86_64-linux-gnu/4.4.5/:/usr/lib/gcc/x86_64-linux-gnu/4.4.5/:/usr/lib/gcc/x86_64-linux-gnu/4.4.5/../../../../lib/:/lib/../lib/:/usr/lib/../lib/:/usr/lib/gcc/x86_64-linux-gnu/4.4.5/../../../:/lib/:/usr/lib/:/usr/lib/x86_64-linux-gnu/]
  ignore line: [COLLECT_GCC_OPTIONS='-v' '-rdynamic' '-o' 'cmTC_8f176' '-shared-libgcc' '-mtune=generic']
  link line: [ /usr/lib/gcc/x86_64-linux-gnu/4.4.5/collect2 --build-id --eh-frame-hdr -m elf_x86_64 --hash-style=both -export-dynamic -dynamic-linker /lib64/ld-linux-x86-64.so.2 -o cmTC_8f176 /usr/lib/gcc/x86_64-linux-gnu/4.4.5/../../../../lib/crt1.o /usr/lib/gcc/x86_64-linux-gnu/4.4.5/../../../../lib/crti.o /usr/lib/gcc/x86_64-linux-gnu/4.4.5/crtbegin.o -L/usr/lib/gcc/x86_64-linux-gnu/4.4.5 -L/usr/lib/gcc/x86_64-linux-gnu/4.4.5 -L/usr/lib/gcc/x86_64-linux-gnu/4.4.5/../../../../lib -L/lib/../lib -L/usr/lib/../lib -L/usr/lib/gcc/x86_64-linux-gnu/4.4.5/../../.. -L/usr/lib/x86_64-linux-gnu CMakeFiles/cmTC_8f176.dir/CMakeCXXCompilerABI.cpp.o -lstdc++ -lm -lgcc_s -lgcc -lc -lgcc_s -lgcc /usr/lib/gcc/x86_64-linux-gnu/4.4.5/crtend.o /usr/lib/gcc/x86_64-linux-gnu/4.4.5/../../../../lib/crtn.o]
    arg [/usr/lib/gcc/x86_64-linux-gnu/4.4.5/collect2] ==> ignore
    arg [--build-id] ==> ignore
    arg [--eh-frame-hdr] ==> ignore
    arg [-m] ==> ignore
    arg [elf_x86_64] ==> ignore
    arg [--hash-style=both] ==> ignore
    arg [-export-dynamic] ==> ignore
    arg [-dynamic-linker] ==> ignore
    arg [/lib64/ld-linux-x86-64.so.2] ==> ignore
    arg [-o] ==> ignore
    arg [cmTC_8f176] ==> ignore
    arg [/usr/lib/gcc/x86_64-linux-gnu/4.4.5/../../../../lib/crt1.o] ==> ignore
    arg [/usr/lib/gcc/x86_64-linux-gnu/4.4.5/../../../../lib/crti.o] ==> ignore
    arg [/usr/lib/gcc/x86_64-linux-gnu/4.4.5/crtbegin.o] ==> ignore
    arg [-L/usr/lib/gcc/x86_64-linux-gnu/4.4.5] ==> dir [/usr/lib/gcc/x86_64-linux-gnu/4.4.5]
    arg [-L/usr/lib/gcc/x86_64-linux-gnu/4.4.5] ==> dir [/usr/lib/gcc/x86_64-linux-gnu/4.4.5]
    arg [-L/usr/lib/gcc/x86_64-linux-gnu/4.4.5/../../../../lib] ==> dir [/usr/lib/gcc/x86_64-linux-gnu/4.4.5/../../../../lib]
    arg [-L/lib/../lib] ==> dir [/lib/../lib]
    arg [-L/usr/lib/../lib] ==> dir [/usr/lib/../lib]
    arg [-L/usr/lib/gcc/x86_64-linux-gnu/4.4.5/../../..] ==> dir [/usr/lib/gcc/x86_64-linux-gnu/4.4.5/../../..]
    arg [-L/usr/lib/x86_64-linux-gnu] ==> dir [/usr/lib/x86_64-linux-gnu]
    arg [CMakeFiles/cmTC_8f176.dir/CMakeCXXCompilerABI.cpp.o] ==> ignore
    arg [-lstdc++] ==> lib [stdc++]
    arg [-lm] ==> lib [m]
    arg [-lgcc_s] ==> lib [gcc_s]
    arg [-lgcc] ==> lib [gcc]
    arg [-lc] ==> lib [c]
    arg [-lgcc_s] ==> lib [gcc_s]
    arg [-lgcc] ==> lib [gcc]
    arg [/usr/lib/gcc/x86_64-linux-gnu/4.4.5/crtend.o] ==> ignore
    arg [/usr/lib/gcc/x86_64-linux-gnu/4.4.5/../../../../lib/crtn.o] ==> ignore
  remove lib [gcc_s]
  remove lib [gcc]
  remove lib [gcc_s]
  remove lib [gcc]
  collapse library dir [/usr/lib/gcc/x86_64-linux-gnu/4.4.5] ==> [/usr/lib/gcc/x86_64-linux-gnu/4.4.5]
  collapse library dir [/usr/lib/gcc/x86_64-linux-gnu/4.4.5] ==> [/usr/lib/gcc/x86_64-linux-gnu/4.4.5]
  collapse library dir [/usr/lib/gcc/x86_64-linux-gnu/4.4.5/../../../../lib] ==> [/usr/lib]
  collapse library dir [/lib/../lib] ==> [/lib]
  collapse library dir [/usr/lib/../lib] ==> [/usr/lib]
  collapse library dir [/usr/lib/gcc/x86_64-linux-gnu/4.4.5/../../..] ==> [/usr/lib]
  collapse library dir [/usr/lib/x86_64-linux-gnu] ==> [/usr/lib/x86_64-linux-gnu]
  implicit libs: [stdc++;m;c]
  implicit dirs: [/usr/lib/gcc/x86_64-linux-gnu/4.4.5;/usr/lib;/lib;/usr/lib/x86_64-linux-gnu]
  implicit fwks: []




Detecting CXX [-std=c++0x] compiler features compiled with the following output:
Change Dir: /lore/clougj/Learning_Codes/trilinos/build/CMakeFiles/CMakeTmp

Run Build Command:"/usr/local/bin/gmake" "cmTC_4e028/fast"
/usr/local/bin/gmake -f CMakeFiles/cmTC_4e028.dir/build.make CMakeFiles/cmTC_4e028.dir/build
gmake[1]: Entering directory `/lore/clougj/Learning_Codes/trilinos/build/CMakeFiles/CMakeTmp'
Building CXX object CMakeFiles/cmTC_4e028.dir/feature_tests.cxx.o
/usr/bin/c++    -std=c++0x -o CMakeFiles/cmTC_4e028.dir/feature_tests.cxx.o -c /lore/clougj/Learning_Codes/trilinos/build/CMakeFiles/feature_tests.cxx
Linking CXX executable cmTC_4e028
/usr/local/cmake/3.8.1/bin/cmake -E cmake_link_script CMakeFiles/cmTC_4e028.dir/link.txt --verbose=1
/usr/bin/c++       -rdynamic CMakeFiles/cmTC_4e028.dir/feature_tests.cxx.o  -o cmTC_4e028 
gmake[1]: Leaving directory `/lore/clougj/Learning_Codes/trilinos/build/CMakeFiles/CMakeTmp'


    Feature record: CXX_FEATURE:0cxx_aggregate_default_initializers
    Feature record: CXX_FEATURE:0cxx_alias_templates
    Feature record: CXX_FEATURE:0cxx_alignas
    Feature record: CXX_FEATURE:0cxx_alignof
    Feature record: CXX_FEATURE:0cxx_attributes
    Feature record: CXX_FEATURE:0cxx_attribute_deprecated
    Feature record: CXX_FEATURE:1cxx_auto_type
    Feature record: CXX_FEATURE:0cxx_binary_literals
    Feature record: CXX_FEATURE:0cxx_constexpr
    Feature record: CXX_FEATURE:0cxx_contextual_conversions
    Feature record: CXX_FEATURE:1cxx_decltype
    Feature record: CXX_FEATURE:0cxx_decltype_auto
    Feature record: CXX_FEATURE:0cxx_decltype_incomplete_return_types
    Feature record: CXX_FEATURE:1cxx_default_function_template_args
    Feature record: CXX_FEATURE:1cxx_defaulted_functions
    Feature record: CXX_FEATURE:0cxx_defaulted_move_initializers
    Feature record: CXX_FEATURE:0cxx_delegating_constructors
    Feature record: CXX_FEATURE:1cxx_deleted_functions
    Feature record: CXX_FEATURE:0cxx_digit_separators
    Feature record: CXX_FEATURE:0cxx_enum_forward_declarations
    Feature record: CXX_FEATURE:0cxx_explicit_conversions
    Feature record: CXX_FEATURE:0cxx_extended_friend_declarations
    Feature record: CXX_FEATURE:1cxx_extern_templates
    Feature record: CXX_FEATURE:0cxx_final
    Feature record: CXX_FEATURE:1cxx_func_identifier
    Feature record: CXX_FEATURE:1cxx_generalized_initializers
    Feature record: CXX_FEATURE:0cxx_generic_lambdas
    Feature record: CXX_FEATURE:0cxx_inheriting_constructors
    Feature record: CXX_FEATURE:1cxx_inline_namespaces
    Feature record: CXX_FEATURE:0cxx_lambdas
    Feature record: CXX_FEATURE:0cxx_lambda_init_captures
    Feature record: CXX_FEATURE:0cxx_local_type_template_args
    Feature record: CXX_FEATURE:1cxx_long_long_type
    Feature record: CXX_FEATURE:0cxx_noexcept
    Feature record: CXX_FEATURE:0cxx_nonstatic_member_init
    Feature record: CXX_FEATURE:0cxx_nullptr
    Feature record: CXX_FEATURE:0cxx_override
    Feature record: CXX_FEATURE:0cxx_range_for
    Feature record: CXX_FEATURE:0cxx_raw_string_literals
    Feature record: CXX_FEATURE:0cxx_reference_qualified_functions
    Feature record: CXX_FEATURE:0cxx_relaxed_constexpr
    Feature record: CXX_FEATURE:0cxx_return_type_deduction
    Feature record: CXX_FEATURE:1cxx_right_angle_brackets
    Feature record: CXX_FEATURE:1cxx_rvalue_references
    Feature record: CXX_FEATURE:1cxx_sizeof_member
    Feature record: CXX_FEATURE:1cxx_static_assert
    Feature record: CXX_FEATURE:1cxx_strong_enums
    Feature record: CXX_FEATURE:1cxx_template_template_parameters
    Feature record: CXX_FEATURE:0cxx_thread_local
    Feature record: CXX_FEATURE:1cxx_trailing_return_types
    Feature record: CXX_FEATURE:1cxx_unicode_literals
    Feature record: CXX_FEATURE:1cxx_uniform_initialization
    Feature record: CXX_FEATURE:0cxx_unrestricted_unions
    Feature record: CXX_FEATURE:0cxx_user_literals
    Feature record: CXX_FEATURE:0cxx_variable_templates
    Feature record: CXX_FEATURE:1cxx_variadic_macros
    Feature record: CXX_FEATURE:1cxx_variadic_templates


Detecting CXX [-std=c++98] compiler features compiled with the following output:
Change Dir: /lore/clougj/Learning_Codes/trilinos/build/CMakeFiles/CMakeTmp

Run Build Command:"/usr/local/bin/gmake" "cmTC_d5be1/fast"
/usr/local/bin/gmake -f CMakeFiles/cmTC_d5be1.dir/build.make CMakeFiles/cmTC_d5be1.dir/build
gmake[1]: Entering directory `/lore/clougj/Learning_Codes/trilinos/build/CMakeFiles/CMakeTmp'
Building CXX object CMakeFiles/cmTC_d5be1.dir/feature_tests.cxx.o
/usr/bin/c++    -std=c++98 -o CMakeFiles/cmTC_d5be1.dir/feature_tests.cxx.o -c /lore/clougj/Learning_Codes/trilinos/build/CMakeFiles/feature_tests.cxx
Linking CXX executable cmTC_d5be1
/usr/local/cmake/3.8.1/bin/cmake -E cmake_link_script CMakeFiles/cmTC_d5be1.dir/link.txt --verbose=1
/usr/bin/c++       -rdynamic CMakeFiles/cmTC_d5be1.dir/feature_tests.cxx.o  -o cmTC_d5be1 
gmake[1]: Leaving directory `/lore/clougj/Learning_Codes/trilinos/build/CMakeFiles/CMakeTmp'


    Feature record: CXX_FEATURE:0cxx_aggregate_default_initializers
    Feature record: CXX_FEATURE:0cxx_alias_templates
    Feature record: CXX_FEATURE:0cxx_alignas
    Feature record: CXX_FEATURE:0cxx_alignof
    Feature record: CXX_FEATURE:0cxx_attributes
    Feature record: CXX_FEATURE:0cxx_attribute_deprecated
    Feature record: CXX_FEATURE:0cxx_auto_type
    Feature record: CXX_FEATURE:0cxx_binary_literals
    Feature record: CXX_FEATURE:0cxx_constexpr
    Feature record: CXX_FEATURE:0cxx_contextual_conversions
    Feature record: CXX_FEATURE:0cxx_decltype
    Feature record: CXX_FEATURE:0cxx_decltype_auto
    Feature record: CXX_FEATURE:0cxx_decltype_incomplete_return_types
    Feature record: CXX_FEATURE:0cxx_default_function_template_args
    Feature record: CXX_FEATURE:0cxx_defaulted_functions
    Feature record: CXX_FEATURE:0cxx_defaulted_move_initializers
    Feature record: CXX_FEATURE:0cxx_delegating_constructors
    Feature record: CXX_FEATURE:0cxx_deleted_functions
    Feature record: CXX_FEATURE:0cxx_digit_separators
    Feature record: CXX_FEATURE:0cxx_enum_forward_declarations
    Feature record: CXX_FEATURE:0cxx_explicit_conversions
    Feature record: CXX_FEATURE:0cxx_extended_friend_declarations
    Feature record: CXX_FEATURE:0cxx_extern_templates
    Feature record: CXX_FEATURE:0cxx_final
    Feature record: CXX_FEATURE:0cxx_func_identifier
    Feature record: CXX_FEATURE:0cxx_generalized_initializers
    Feature record: CXX_FEATURE:0cxx_generic_lambdas
    Feature record: CXX_FEATURE:0cxx_inheriting_constructors
    Feature record: CXX_FEATURE:0cxx_inline_namespaces
    Feature record: CXX_FEATURE:0cxx_lambdas
    Feature record: CXX_FEATURE:0cxx_lambda_init_captures
    Feature record: CXX_FEATURE:0cxx_local_type_template_args
    Feature record: CXX_FEATURE:0cxx_long_long_type
    Feature record: CXX_FEATURE:0cxx_noexcept
    Feature record: CXX_FEATURE:0cxx_nonstatic_member_init
    Feature record: CXX_FEATURE:0cxx_nullptr
    Feature record: CXX_FEATURE:0cxx_override
    Feature record: CXX_FEATURE:0cxx_range_for
    Feature record: CXX_FEATURE:0cxx_raw_string_literals
    Feature record: CXX_FEATURE:0cxx_reference_qualified_functions
    Feature record: CXX_FEATURE:0cxx_relaxed_constexpr
    Feature record: CXX_FEATURE:0cxx_return_type_deduction
    Feature record: CXX_FEATURE:0cxx_right_angle_brackets
    Feature record: CXX_FEATURE:0cxx_rvalue_references
    Feature record: CXX_FEATURE:0cxx_sizeof_member
    Feature record: CXX_FEATURE:0cxx_static_assert
    Feature record: CXX_FEATURE:0cxx_strong_enums
    Feature record: CXX_FEATURE:1cxx_template_template_parameters
    Feature record: CXX_FEATURE:0cxx_thread_local
    Feature record: CXX_FEATURE:0cxx_trailing_return_types
    Feature record: CXX_FEATURE:0cxx_unicode_literals
    Feature record: CXX_FEATURE:0cxx_uniform_initialization
    Feature record: CXX_FEATURE:0cxx_unrestricted_unions
    Feature record: CXX_FEATURE:0cxx_user_literals
    Feature record: CXX_FEATURE:0cxx_variable_templates
    Feature record: CXX_FEATURE:0cxx_variadic_macros
    Feature record: CXX_FEATURE:0cxx_variadic_templates
